[debug] [2021-04-09T03:23:09.300Z] ----------------------------------------------------------------------
[debug] [2021-04-09T03:23:09.301Z] Command:       C:\Program Files\nodejs\node.exe C:\Users\gypsy\AppData\Roaming\npm\node_modules\firebase-tools\lib\bin\firebase.js serve
[debug] [2021-04-09T03:23:09.302Z] CLI Version:   9.6.1
[debug] [2021-04-09T03:23:09.302Z] Platform:      win32
[debug] [2021-04-09T03:23:09.302Z] Node Version:  v14.15.4
[debug] [2021-04-09T03:23:09.303Z] Time:          Thu Apr 08 2021 20:23:09 GMT-0700 (Mountain Standard Time)
[debug] [2021-04-09T03:23:09.303Z] ----------------------------------------------------------------------
[debug] [2021-04-09T03:23:09.303Z] 
[debug] [2021-04-09T03:23:09.305Z] >>> [apiv2][query] GET https://firebase-public.firebaseio.com/cli.json [none]
[debug] [2021-04-09T03:23:09.325Z] > command requires scopes: ["email","openid","https://www.googleapis.com/auth/cloudplatformprojects.readonly","https://www.googleapis.com/auth/firebase","https://www.googleapis.com/auth/cloud-platform"]
[debug] [2021-04-09T03:23:09.325Z] > authorizing via signed-in user
[debug] [2021-04-09T03:23:09.325Z] [iam] checking project projecttracker-c0c00 for permissions ["firebase.projects.get"]
[debug] [2021-04-09T03:23:09.326Z] > refreshing access token with scopes: ["email","https://www.googleapis.com/auth/cloud-platform","https://www.googleapis.com/auth/cloudplatformprojects.readonly","https://www.googleapis.com/auth/firebase","openid"]
[debug] [2021-04-09T03:23:09.326Z] >>> HTTP REQUEST POST https://www.googleapis.com/oauth2/v3/token  
 <request body omitted>
[debug] [2021-04-09T03:23:09.493Z] <<< HTTP RESPONSE 200 {"cache-control":"no-cache, no-store, max-age=0, must-revalidate","pragma":"no-cache","date":"Fri, 09 Apr 2021 03:23:08 GMT","expires":"Mon, 01 Jan 1990 00:00:00 GMT","content-type":"application/json; charset=utf-8","vary":"X-Origin, Referer, Origin,Accept-Encoding","server":"scaffolding on HTTPServer2","x-xss-protection":"0","x-frame-options":"SAMEORIGIN","x-content-type-options":"nosniff","alt-svc":"h3-29=\":443\"; ma=2592000,h3-T051=\":443\"; ma=2592000,h3-Q050=\":443\"; ma=2592000,h3-Q046=\":443\"; ma=2592000,h3-Q043=\":443\"; ma=2592000,quic=\":443\"; ma=2592000; v=\"46,43\"","accept-ranges":"none","transfer-encoding":"chunked"}
[debug] [2021-04-09T03:23:09.504Z] >>> HTTP REQUEST POST https://cloudresourcemanager.googleapis.com/v1/projects/projecttracker-c0c00:testIamPermissions  
 {"permissions":["firebase.projects.get"]}
[debug] [2021-04-09T03:23:10.709Z] <<< [apiv2][status] GET https://firebase-public.firebaseio.com/cli.json 200
[debug] [2021-04-09T03:23:10.710Z] <<< [apiv2][body] GET https://firebase-public.firebaseio.com/cli.json {"cloudBuildErrorAfter":1594252800000,"cloudBuildWarnAfter":1590019200000,"defaultNode10After":1594252800000,"minVersion":"3.0.5","node8DeploysDisabledAfter":1613390400000,"node8RuntimeDisabledAfter":1615809600000,"node8WarnAfter":1600128000000}
[debug] [2021-04-09T03:23:10.843Z] <<< HTTP RESPONSE 200 {"content-type":"application/json; charset=UTF-8","vary":"X-Origin, Referer, Origin,Accept-Encoding","date":"Fri, 09 Apr 2021 03:23:09 GMT","server":"ESF","cache-control":"private","x-xss-protection":"0","x-frame-options":"SAMEORIGIN","x-content-type-options":"nosniff","server-timing":"gfet4t7; dur=193","alt-svc":"h3-29=\":443\"; ma=2592000,h3-T051=\":443\"; ma=2592000,h3-Q050=\":443\"; ma=2592000,h3-Q046=\":443\"; ma=2592000,h3-Q043=\":443\"; ma=2592000,quic=\":443\"; ma=2592000; v=\"46,43\"","accept-ranges":"none","transfer-encoding":"chunked"}
[debug] [2021-04-09T03:23:10.844Z] > refreshing access token with scopes: []
[debug] [2021-04-09T03:23:10.844Z] >>> HTTP REQUEST POST https://www.googleapis.com/oauth2/v3/token  
 <request body omitted>
[debug] [2021-04-09T03:23:11.006Z] <<< HTTP RESPONSE 200 {"cache-control":"no-cache, no-store, max-age=0, must-revalidate","expires":"Mon, 01 Jan 1990 00:00:00 GMT","pragma":"no-cache","date":"Fri, 09 Apr 2021 03:23:09 GMT","content-type":"application/json; charset=utf-8","vary":"X-Origin, Referer, Origin,Accept-Encoding","server":"scaffolding on HTTPServer2","x-xss-protection":"0","x-frame-options":"SAMEORIGIN","x-content-type-options":"nosniff","alt-svc":"h3-29=\":443\"; ma=2592000,h3-T051=\":443\"; ma=2592000,h3-Q050=\":443\"; ma=2592000,h3-Q046=\":443\"; ma=2592000,h3-Q043=\":443\"; ma=2592000,quic=\":443\"; ma=2592000; v=\"46,43\"","accept-ranges":"none","transfer-encoding":"chunked"}
[debug] [2021-04-09T03:23:11.012Z] >>> [apiv2][query] GET https://firebase.googleapis.com/v1beta1/projects/projecttracker-c0c00 [none]
[debug] [2021-04-09T03:23:11.233Z] <<< [apiv2][status] GET https://firebase.googleapis.com/v1beta1/projects/projecttracker-c0c00 200
[debug] [2021-04-09T03:23:11.233Z] <<< [apiv2][body] GET https://firebase.googleapis.com/v1beta1/projects/projecttracker-c0c00 {"projectId":"projecttracker-c0c00","projectNumber":"1051533202777","displayName":"ProjectTracker","name":"projects/projecttracker-c0c00","resources":{"hostingSite":"projecttracker-c0c00","realtimeDatabaseInstance":"projecttracker-c0c00-default-rtdb","storageBucket":"projecttracker-c0c00.appspot.com","locationId":"us-central"},"state":"ACTIVE"}
[info] 
[info] === Serving from 'C:\Users\gypsy\OneDrive\Documents\projectTracker'...
[info] 
[warn] !  Your requested "node" version "12" doesn't match your global version "14" {"metadata":{"emulator":{"name":"functions"},"message":"Your requested \"node\" version \"12\" doesn't match your global version \"14\""}}
[debug] [2021-04-09T03:23:11.241Z] defaultcredentials: writing to file C:\Users\gypsy\AppData\Roaming\firebase\gypsy_aav_gmail.com_application_default_credentials.json
[debug] [2021-04-09T03:23:11.242Z] Setting GAC to C:\Users\gypsy\AppData\Roaming\firebase\gypsy_aav_gmail.com_application_default_credentials.json {"metadata":{"emulator":{"name":"functions"},"message":"Setting GAC to C:\\Users\\gypsy\\AppData\\Roaming\\firebase\\gypsy_aav_gmail.com_application_default_credentials.json"}}
[debug] [2021-04-09T03:23:11.243Z] >>> [apiv2][query] GET https://firebase.googleapis.com/v1beta1/projects/projecttracker-c0c00/adminSdkConfig [none]
[debug] [2021-04-09T03:23:11.510Z] <<< [apiv2][status] GET https://firebase.googleapis.com/v1beta1/projects/projecttracker-c0c00/adminSdkConfig 200
[debug] [2021-04-09T03:23:11.511Z] <<< [apiv2][body] GET https://firebase.googleapis.com/v1beta1/projects/projecttracker-c0c00/adminSdkConfig {"projectId":"projecttracker-c0c00","databaseURL":"https://projecttracker-c0c00-default-rtdb.firebaseio.com","storageBucket":"projecttracker-c0c00.appspot.com","locationId":"us-central"}
[info] i  functions: Watching "C:\Users\gypsy\OneDrive\Documents\projectTracker\functions" for Cloud Functions... {"metadata":{"emulator":{"name":"functions"},"message":"Watching \"C:\\Users\\gypsy\\OneDrive\\Documents\\projectTracker\\functions\" for Cloud Functions..."}}
[debug] [2021-04-09T03:23:11.534Z] [worker-pool] addWorker(~diagnostic~) {"metadata":{"emulator":{"name":"functions"},"message":"[worker-pool] addWorker(~diagnostic~)"}}
[debug] [2021-04-09T03:23:11.535Z] [worker-pool] Adding worker with key ~diagnostic~, total=1 {"metadata":{"emulator":{"name":"functions"},"message":"[worker-pool] Adding worker with key ~diagnostic~, total=1"}}
[debug] [2021-04-09T03:23:11.535Z] [worker-pool] submitWork(triggerId=) {"metadata":{"emulator":{"name":"functions"},"message":"[worker-pool] submitWork(triggerId=)"}}
[debug] [2021-04-09T03:23:11.535Z] [worker-~diagnostic~-a2ceed92-4024-469c-b100-839bdb04af26]: Assigning socketPath: \\?\pipe\C:\Users\gypsy\OneDrive\Documents\projectTracker\functions\1064 {"metadata":{"emulator":{"name":"functions"},"message":"[worker-~diagnostic~-a2ceed92-4024-469c-b100-839bdb04af26]: Assigning socketPath: \\\\?\\pipe\\C:\\Users\\gypsy\\OneDrive\\Documents\\projectTracker\\functions\\1064"}}
[debug] [2021-04-09T03:23:11.535Z] [worker-~diagnostic~-a2ceed92-4024-469c-b100-839bdb04af26]: BUSY {"metadata":{"emulator":{"name":"functions"},"message":"[worker-~diagnostic~-a2ceed92-4024-469c-b100-839bdb04af26]: BUSY"}}
[debug] [2021-04-09T03:23:11.697Z] [runtime-status] [1064] Functions runtime initialized. {"cwd":"C:\\Users\\gypsy\\OneDrive\\Documents\\projectTracker\\functions","node_version":"14.15.4"} {"metadata":{"emulator":{"name":"functions"},"message":"[runtime-status] [1064] Functions runtime initialized. {\"cwd\":\"C:\\\\Users\\\\gypsy\\\\OneDrive\\\\Documents\\\\projectTracker\\\\functions\",\"node_version\":\"14.15.4\"}"}}
[debug] [2021-04-09T03:23:11.698Z] [runtime-status] [1064] Disabled runtime features: undefined {"metadata":{"emulator":{"name":"functions"},"message":"[runtime-status] [1064] Disabled runtime features: undefined"}}
[debug] [2021-04-09T03:23:11.701Z] [runtime-status] [1064] Resolved module firebase-admin {"declared":true,"installed":true,"version":"9.5.0","resolution":"C:\\Users\\gypsy\\OneDrive\\Documents\\projectTracker\\functions\\node_modules\\firebase-admin\\lib\\index.js"} {"metadata":{"emulator":{"name":"functions"},"message":"[runtime-status] [1064] Resolved module firebase-admin {\"declared\":true,\"installed\":true,\"version\":\"9.5.0\",\"resolution\":\"C:\\\\Users\\\\gypsy\\\\OneDrive\\\\Documents\\\\projectTracker\\\\functions\\\\node_modules\\\\firebase-admin\\\\lib\\\\index.js\"}"}}
[debug] [2021-04-09T03:23:11.702Z] [runtime-status] [1064] Resolved module firebase-functions {"declared":true,"installed":true,"version":"3.13.2","resolution":"C:\\Users\\gypsy\\OneDrive\\Documents\\projectTracker\\functions\\node_modules\\firebase-functions\\lib\\index.js"} {"metadata":{"emulator":{"name":"functions"},"message":"[runtime-status] [1064] Resolved module firebase-functions {\"declared\":true,\"installed\":true,\"version\":\"3.13.2\",\"resolution\":\"C:\\\\Users\\\\gypsy\\\\OneDrive\\\\Documents\\\\projectTracker\\\\functions\\\\node_modules\\\\firebase-functions\\\\lib\\\\index.js\"}"}}
[debug] [2021-04-09T03:23:11.703Z] [runtime-status] [1064] Resolved module firebase-functions {"declared":true,"installed":true,"version":"3.13.2","resolution":"C:\\Users\\gypsy\\OneDrive\\Documents\\projectTracker\\functions\\node_modules\\firebase-functions\\lib\\index.js"} {"metadata":{"emulator":{"name":"functions"},"message":"[runtime-status] [1064] Resolved module firebase-functions {\"declared\":true,\"installed\":true,\"version\":\"3.13.2\",\"resolution\":\"C:\\\\Users\\\\gypsy\\\\OneDrive\\\\Documents\\\\projectTracker\\\\functions\\\\node_modules\\\\firebase-functions\\\\lib\\\\index.js\"}"}}
[debug] [2021-04-09T03:23:11.704Z] [runtime-status] [1064] Outgoing network have been stubbed. [{"name":"http","status":"mocked"},{"name":"http","status":"mocked"},{"name":"https","status":"mocked"},{"name":"https","status":"mocked"},{"name":"net","status":"mocked"}] {"metadata":{"emulator":{"name":"functions"},"message":"[runtime-status] [1064] Outgoing network have been stubbed. [{\"name\":\"http\",\"status\":\"mocked\"},{\"name\":\"http\",\"status\":\"mocked\"},{\"name\":\"https\",\"status\":\"mocked\"},{\"name\":\"https\",\"status\":\"mocked\"},{\"name\":\"net\",\"status\":\"mocked\"}]"}}
[debug] [2021-04-09T03:23:11.705Z] [runtime-status] [1064] Resolved module firebase-functions {"declared":true,"installed":true,"version":"3.13.2","resolution":"C:\\Users\\gypsy\\OneDrive\\Documents\\projectTracker\\functions\\node_modules\\firebase-functions\\lib\\index.js"} {"metadata":{"emulator":{"name":"functions"},"message":"[runtime-status] [1064] Resolved module firebase-functions {\"declared\":true,\"installed\":true,\"version\":\"3.13.2\",\"resolution\":\"C:\\\\Users\\\\gypsy\\\\OneDrive\\\\Documents\\\\projectTracker\\\\functions\\\\node_modules\\\\firebase-functions\\\\lib\\\\index.js\"}"}}
[debug] [2021-04-09T03:23:11.770Z] [runtime-status] [1064] Checked functions.config() {"config":{}} {"metadata":{"emulator":{"name":"functions"},"message":"[runtime-status] [1064] Checked functions.config() {\"config\":{}}"}}
[debug] [2021-04-09T03:23:11.770Z] [runtime-status] [1064] firebase-functions has been stubbed. {"functionsResolution":{"declared":true,"installed":true,"version":"3.13.2","resolution":"C:\\Users\\gypsy\\OneDrive\\Documents\\projectTracker\\functions\\node_modules\\firebase-functions\\lib\\index.js"}} {"metadata":{"emulator":{"name":"functions"},"message":"[runtime-status] [1064] firebase-functions has been stubbed. {\"functionsResolution\":{\"declared\":true,\"installed\":true,\"version\":\"3.13.2\",\"resolution\":\"C:\\\\Users\\\\gypsy\\\\OneDrive\\\\Documents\\\\projectTracker\\\\functions\\\\node_modules\\\\firebase-functions\\\\lib\\\\index.js\"}}"}}
[debug] [2021-04-09T03:23:11.770Z] [runtime-status] [1064] Resolved module firebase-functions {"declared":true,"installed":true,"version":"3.13.2","resolution":"C:\\Users\\gypsy\\OneDrive\\Documents\\projectTracker\\functions\\node_modules\\firebase-functions\\lib\\index.js"} {"metadata":{"emulator":{"name":"functions"},"message":"[runtime-status] [1064] Resolved module firebase-functions {\"declared\":true,\"installed\":true,\"version\":\"3.13.2\",\"resolution\":\"C:\\\\Users\\\\gypsy\\\\OneDrive\\\\Documents\\\\projectTracker\\\\functions\\\\node_modules\\\\firebase-functions\\\\lib\\\\index.js\"}"}}
[debug] [2021-04-09T03:23:11.771Z] [runtime-status] [1064] Resolved module firebase-admin {"declared":true,"installed":true,"version":"9.5.0","resolution":"C:\\Users\\gypsy\\OneDrive\\Documents\\projectTracker\\functions\\node_modules\\firebase-admin\\lib\\index.js"} {"metadata":{"emulator":{"name":"functions"},"message":"[runtime-status] [1064] Resolved module firebase-admin {\"declared\":true,\"installed\":true,\"version\":\"9.5.0\",\"resolution\":\"C:\\\\Users\\\\gypsy\\\\OneDrive\\\\Documents\\\\projectTracker\\\\functions\\\\node_modules\\\\firebase-admin\\\\lib\\\\index.js\"}"}}
[debug] [2021-04-09T03:23:11.772Z] [runtime-status] [1064] Resolved module firebase-functions {"declared":true,"installed":true,"version":"3.13.2","resolution":"C:\\Users\\gypsy\\OneDrive\\Documents\\projectTracker\\functions\\node_modules\\firebase-functions\\lib\\index.js"} {"metadata":{"emulator":{"name":"functions"},"message":"[runtime-status] [1064] Resolved module firebase-functions {\"declared\":true,\"installed\":true,\"version\":\"3.13.2\",\"resolution\":\"C:\\\\Users\\\\gypsy\\\\OneDrive\\\\Documents\\\\projectTracker\\\\functions\\\\node_modules\\\\firebase-functions\\\\lib\\\\index.js\"}"}}
[debug] [2021-04-09T03:23:11.772Z] [runtime-status] [1064] firebase-admin has been stubbed. {"adminResolution":{"declared":true,"installed":true,"version":"9.5.0","resolution":"C:\\Users\\gypsy\\OneDrive\\Documents\\projectTracker\\functions\\node_modules\\firebase-admin\\lib\\index.js"}} {"metadata":{"emulator":{"name":"functions"},"message":"[runtime-status] [1064] firebase-admin has been stubbed. {\"adminResolution\":{\"declared\":true,\"installed\":true,\"version\":\"9.5.0\",\"resolution\":\"C:\\\\Users\\\\gypsy\\\\OneDrive\\\\Documents\\\\projectTracker\\\\functions\\\\node_modules\\\\firebase-admin\\\\lib\\\\index.js\"}}"}}
[debug] [2021-04-09T03:23:11.889Z] [runtime-status] [1064] initializeApp(DEFAULT) {"storageBucket":"projecttracker-c0c00.appspot.com","databaseURL":"https://projecttracker-c0c00-default-rtdb.firebaseio.com","projectId":"projecttracker-c0c00"} {"metadata":{"emulator":{"name":"functions"},"message":"[runtime-status] [1064] initializeApp(DEFAULT) {\"storageBucket\":\"projecttracker-c0c00.appspot.com\",\"databaseURL\":\"https://projecttracker-c0c00-default-rtdb.firebaseio.com\",\"projectId\":\"projecttracker-c0c00\"}"}}
[warn] !  functions: The Cloud Firestore emulator is not running, so calls to Firestore will affect production. {"metadata":{"emulator":{"name":"functions"},"message":"The Cloud Firestore emulator is not running, so calls to Firestore will affect production."}}
[info] +  functions[api]: http function initialized (http://localhost:5000/projecttracker-c0c00/us-central1/api). {"metadata":{"emulator":{"name":"functions"},"message":"\u001b[1mhttp\u001b[22m function initialized (http://localhost:5000/projecttracker-c0c00/us-central1/api)."}}
[debug] [2021-04-09T03:23:12.178Z] [worker-~diagnostic~-a2ceed92-4024-469c-b100-839bdb04af26]: IDLE {"metadata":{"emulator":{"name":"functions"},"message":"[worker-~diagnostic~-a2ceed92-4024-469c-b100-839bdb04af26]: IDLE"}}
[debug] [2021-04-09T03:24:46.081Z] [work-queue] {"queueLength":1,"workRunningCount":0}
[debug] [2021-04-09T03:24:46.081Z] [work-queue] {"queueLength":0,"workRunningCount":1}
[debug] [2021-04-09T03:24:46.081Z] Accepted request POST /projecttracker-c0c00/us-central1/api/todo --> api
[debug] [2021-04-09T03:24:46.088Z] [worker-pool] addWorker(api) {"metadata":{"emulator":{"name":"functions"},"message":"[worker-pool] addWorker(api)"}}
[debug] [2021-04-09T03:24:46.088Z] [worker-pool] Adding worker with key api, total=1 {"metadata":{"emulator":{"name":"functions"},"message":"[worker-pool] Adding worker with key api, total=1"}}
[debug] [2021-04-09T03:24:46.088Z] [worker-pool] submitWork(triggerId=api) {"metadata":{"emulator":{"name":"functions"},"message":"[worker-pool] submitWork(triggerId=api)"}}
[debug] [2021-04-09T03:24:46.088Z] [worker-api-f81f3a3a-565b-4eaa-8b19-b5b96bbc8539]: Assigning socketPath: \\?\pipe\C:\Users\gypsy\OneDrive\Documents\projectTracker\functions\20588 {"metadata":{"emulator":{"name":"functions"},"message":"[worker-api-f81f3a3a-565b-4eaa-8b19-b5b96bbc8539]: Assigning socketPath: \\\\?\\pipe\\C:\\Users\\gypsy\\OneDrive\\Documents\\projectTracker\\functions\\20588"}}
[debug] [2021-04-09T03:24:46.088Z] [worker-api-f81f3a3a-565b-4eaa-8b19-b5b96bbc8539]: BUSY {"metadata":{"emulator":{"name":"functions"},"message":"[worker-api-f81f3a3a-565b-4eaa-8b19-b5b96bbc8539]: BUSY"}}
[debug] [2021-04-09T03:24:46.247Z] [runtime-status] [20588] Functions runtime initialized. {"cwd":"C:\\Users\\gypsy\\OneDrive\\Documents\\projectTracker\\functions","node_version":"14.15.4"} {"metadata":{"emulator":{"name":"functions"},"function":{"name":"api"},"message":"[runtime-status] [20588] Functions runtime initialized. {\"cwd\":\"C:\\\\Users\\\\gypsy\\\\OneDrive\\\\Documents\\\\projectTracker\\\\functions\",\"node_version\":\"14.15.4\"}"}}
[debug] [2021-04-09T03:24:46.249Z] [runtime-status] [20588] Disabled runtime features: undefined {"metadata":{"emulator":{"name":"functions"},"function":{"name":"api"},"message":"[runtime-status] [20588] Disabled runtime features: undefined"}}
[debug] [2021-04-09T03:24:46.251Z] [runtime-status] [20588] Resolved module firebase-admin {"declared":true,"installed":true,"version":"9.5.0","resolution":"C:\\Users\\gypsy\\OneDrive\\Documents\\projectTracker\\functions\\node_modules\\firebase-admin\\lib\\index.js"} {"metadata":{"emulator":{"name":"functions"},"function":{"name":"api"},"message":"[runtime-status] [20588] Resolved module firebase-admin {\"declared\":true,\"installed\":true,\"version\":\"9.5.0\",\"resolution\":\"C:\\\\Users\\\\gypsy\\\\OneDrive\\\\Documents\\\\projectTracker\\\\functions\\\\node_modules\\\\firebase-admin\\\\lib\\\\index.js\"}"}}
[debug] [2021-04-09T03:24:46.252Z] [runtime-status] [20588] Resolved module firebase-functions {"declared":true,"installed":true,"version":"3.13.2","resolution":"C:\\Users\\gypsy\\OneDrive\\Documents\\projectTracker\\functions\\node_modules\\firebase-functions\\lib\\index.js"} {"metadata":{"emulator":{"name":"functions"},"function":{"name":"api"},"message":"[runtime-status] [20588] Resolved module firebase-functions {\"declared\":true,\"installed\":true,\"version\":\"3.13.2\",\"resolution\":\"C:\\\\Users\\\\gypsy\\\\OneDrive\\\\Documents\\\\projectTracker\\\\functions\\\\node_modules\\\\firebase-functions\\\\lib\\\\index.js\"}"}}
[debug] [2021-04-09T03:24:46.254Z] [runtime-status] [20588] Resolved module firebase-functions {"declared":true,"installed":true,"version":"3.13.2","resolution":"C:\\Users\\gypsy\\OneDrive\\Documents\\projectTracker\\functions\\node_modules\\firebase-functions\\lib\\index.js"} {"metadata":{"emulator":{"name":"functions"},"function":{"name":"api"},"message":"[runtime-status] [20588] Resolved module firebase-functions {\"declared\":true,\"installed\":true,\"version\":\"3.13.2\",\"resolution\":\"C:\\\\Users\\\\gypsy\\\\OneDrive\\\\Documents\\\\projectTracker\\\\functions\\\\node_modules\\\\firebase-functions\\\\lib\\\\index.js\"}"}}
[debug] [2021-04-09T03:24:46.255Z] [runtime-status] [20588] Outgoing network have been stubbed. [{"name":"http","status":"mocked"},{"name":"http","status":"mocked"},{"name":"https","status":"mocked"},{"name":"https","status":"mocked"},{"name":"net","status":"mocked"}] {"metadata":{"emulator":{"name":"functions"},"function":{"name":"api"},"message":"[runtime-status] [20588] Outgoing network have been stubbed. [{\"name\":\"http\",\"status\":\"mocked\"},{\"name\":\"http\",\"status\":\"mocked\"},{\"name\":\"https\",\"status\":\"mocked\"},{\"name\":\"https\",\"status\":\"mocked\"},{\"name\":\"net\",\"status\":\"mocked\"}]"}}
[debug] [2021-04-09T03:24:46.255Z] [runtime-status] [20588] Resolved module firebase-functions {"declared":true,"installed":true,"version":"3.13.2","resolution":"C:\\Users\\gypsy\\OneDrive\\Documents\\projectTracker\\functions\\node_modules\\firebase-functions\\lib\\index.js"} {"metadata":{"emulator":{"name":"functions"},"function":{"name":"api"},"message":"[runtime-status] [20588] Resolved module firebase-functions {\"declared\":true,\"installed\":true,\"version\":\"3.13.2\",\"resolution\":\"C:\\\\Users\\\\gypsy\\\\OneDrive\\\\Documents\\\\projectTracker\\\\functions\\\\node_modules\\\\firebase-functions\\\\lib\\\\index.js\"}"}}
[debug] [2021-04-09T03:24:46.293Z] [runtime-status] [20588] Checked functions.config() {"config":{}} {"metadata":{"emulator":{"name":"functions"},"function":{"name":"api"},"message":"[runtime-status] [20588] Checked functions.config() {\"config\":{}}"}}
[debug] [2021-04-09T03:24:46.293Z] [runtime-status] [20588] firebase-functions has been stubbed. {"functionsResolution":{"declared":true,"installed":true,"version":"3.13.2","resolution":"C:\\Users\\gypsy\\OneDrive\\Documents\\projectTracker\\functions\\node_modules\\firebase-functions\\lib\\index.js"}} {"metadata":{"emulator":{"name":"functions"},"function":{"name":"api"},"message":"[runtime-status] [20588] firebase-functions has been stubbed. {\"functionsResolution\":{\"declared\":true,\"installed\":true,\"version\":\"3.13.2\",\"resolution\":\"C:\\\\Users\\\\gypsy\\\\OneDrive\\\\Documents\\\\projectTracker\\\\functions\\\\node_modules\\\\firebase-functions\\\\lib\\\\index.js\"}}"}}
[debug] [2021-04-09T03:24:46.294Z] [runtime-status] [20588] Resolved module firebase-functions {"declared":true,"installed":true,"version":"3.13.2","resolution":"C:\\Users\\gypsy\\OneDrive\\Documents\\projectTracker\\functions\\node_modules\\firebase-functions\\lib\\index.js"} {"metadata":{"emulator":{"name":"functions"},"function":{"name":"api"},"message":"[runtime-status] [20588] Resolved module firebase-functions {\"declared\":true,\"installed\":true,\"version\":\"3.13.2\",\"resolution\":\"C:\\\\Users\\\\gypsy\\\\OneDrive\\\\Documents\\\\projectTracker\\\\functions\\\\node_modules\\\\firebase-functions\\\\lib\\\\index.js\"}"}}
[debug] [2021-04-09T03:24:46.295Z] [runtime-status] [20588] Resolved module firebase-admin {"declared":true,"installed":true,"version":"9.5.0","resolution":"C:\\Users\\gypsy\\OneDrive\\Documents\\projectTracker\\functions\\node_modules\\firebase-admin\\lib\\index.js"} {"metadata":{"emulator":{"name":"functions"},"function":{"name":"api"},"message":"[runtime-status] [20588] Resolved module firebase-admin {\"declared\":true,\"installed\":true,\"version\":\"9.5.0\",\"resolution\":\"C:\\\\Users\\\\gypsy\\\\OneDrive\\\\Documents\\\\projectTracker\\\\functions\\\\node_modules\\\\firebase-admin\\\\lib\\\\index.js\"}"}}
[debug] [2021-04-09T03:24:46.295Z] [runtime-status] [20588] Resolved module firebase-functions {"declared":true,"installed":true,"version":"3.13.2","resolution":"C:\\Users\\gypsy\\OneDrive\\Documents\\projectTracker\\functions\\node_modules\\firebase-functions\\lib\\index.js"} {"metadata":{"emulator":{"name":"functions"},"function":{"name":"api"},"message":"[runtime-status] [20588] Resolved module firebase-functions {\"declared\":true,\"installed\":true,\"version\":\"3.13.2\",\"resolution\":\"C:\\\\Users\\\\gypsy\\\\OneDrive\\\\Documents\\\\projectTracker\\\\functions\\\\node_modules\\\\firebase-functions\\\\lib\\\\index.js\"}"}}
[debug] [2021-04-09T03:24:46.295Z] [runtime-status] [20588] firebase-admin has been stubbed. {"adminResolution":{"declared":true,"installed":true,"version":"9.5.0","resolution":"C:\\Users\\gypsy\\OneDrive\\Documents\\projectTracker\\functions\\node_modules\\firebase-admin\\lib\\index.js"}} {"metadata":{"emulator":{"name":"functions"},"function":{"name":"api"},"message":"[runtime-status] [20588] firebase-admin has been stubbed. {\"adminResolution\":{\"declared\":true,\"installed\":true,\"version\":\"9.5.0\",\"resolution\":\"C:\\\\Users\\\\gypsy\\\\OneDrive\\\\Documents\\\\projectTracker\\\\functions\\\\node_modules\\\\firebase-admin\\\\lib\\\\index.js\"}}"}}
[debug] [2021-04-09T03:24:46.389Z] [runtime-status] [20588] initializeApp(DEFAULT) {"storageBucket":"projecttracker-c0c00.appspot.com","databaseURL":"https://projecttracker-c0c00-default-rtdb.firebaseio.com","projectId":"projecttracker-c0c00"} {"metadata":{"emulator":{"name":"functions"},"function":{"name":"api"},"message":"[runtime-status] [20588] initializeApp(DEFAULT) {\"storageBucket\":\"projecttracker-c0c00.appspot.com\",\"databaseURL\":\"https://projecttracker-c0c00-default-rtdb.firebaseio.com\",\"projectId\":\"projecttracker-c0c00\"}"}}
[debug] [2021-04-09T03:24:46.613Z] [runtime-status] [20588] Trigger "api" has been found, beginning invocation! {"metadata":{"emulator":{"name":"functions"},"function":{"name":"api"},"message":"[runtime-status] [20588] Trigger \"api\" has been found, beginning invocation!"}}
[info] i  functions: Beginning execution of "api" {"metadata":{"emulator":{"name":"functions"},"function":{"name":"api"},"message":"Beginning execution of \"api\""}}
[debug] [2021-04-09T03:24:46.614Z] [runtime-status] [20588] triggerDefinition {"httpsTrigger":{},"name":"api","entryPoint":"api"} {"metadata":{"emulator":{"name":"functions"},"function":{"name":"api"},"message":"[runtime-status] [20588] triggerDefinition {\"httpsTrigger\":{},\"name\":\"api\",\"entryPoint\":\"api\"}"}}
[debug] [2021-04-09T03:24:46.614Z] [runtime-status] [20588] Running api in mode HTTPS {"metadata":{"emulator":{"name":"functions"},"function":{"name":"api"},"message":"[runtime-status] [20588] Running api in mode HTTPS"}}
[debug] [2021-04-09T03:24:46.616Z] [runtime-status] [20588] Attempting to listen to socketPath: \\?\pipe\C:\Users\gypsy\OneDrive\Documents\projectTracker\functions\20588 {"metadata":{"emulator":{"name":"functions"},"function":{"name":"api"},"message":"[runtime-status] [20588] Attempting to listen to socketPath: \\\\?\\pipe\\C:\\Users\\gypsy\\OneDrive\\Documents\\projectTracker\\functions\\20588"}}
[debug] [2021-04-09T03:24:46.619Z] [functions] Runtime ready! Sending request! {"metadata":{"emulator":{"name":"functions"},"message":"[functions] Runtime ready! Sending request!"}}
[debug] [2021-04-09T03:24:46.620Z] [functions] Got req.url=/projecttracker-c0c00/us-central1/api/todo, mapping to path=/todo {"metadata":{"emulator":{"name":"functions"},"message":"[functions] Got req.url=/projecttracker-c0c00/us-central1/api/todo, mapping to path=/todo"}}
[debug] [2021-04-09T03:24:46.641Z] [runtime-status] [20588] Ephemeral server handling POST request {"metadata":{"emulator":{"name":"functions"},"function":{"name":"api"},"message":"[runtime-status] [20588] Ephemeral server handling POST request"}}
[debug] [2021-04-09T03:24:46.740Z] [runtime-status] [20588] Ephemeral server survived. {"metadata":{"emulator":{"name":"functions"},"function":{"name":"api"},"message":"[runtime-status] [20588] Ephemeral server survived."}}
[warn] !  Google API requested!
   - URL: "https://oauth2.googleapis.com/token"
   - Be careful, this may be a production service. {"metadata":{"emulator":{"name":"functions"},"function":{"name":"api"},"message":"Google API requested!\n   - URL: \"https://oauth2.googleapis.com/token\"\n   - Be careful, this may be a production service."}}
[info] i  functions: Finished "api" in ~1s {"metadata":{"emulator":{"name":"functions"},"function":{"name":"api"},"message":"Finished \"api\" in ~1s"}}
[debug] [2021-04-09T03:24:47.540Z] [worker-api-f81f3a3a-565b-4eaa-8b19-b5b96bbc8539]: IDLE {"metadata":{"emulator":{"name":"functions"},"message":"[worker-api-f81f3a3a-565b-4eaa-8b19-b5b96bbc8539]: IDLE"}}
[debug] [2021-04-09T03:24:47.541Z] [work-queue] {"queueLength":0,"workRunningCount":0}
[debug] [2021-04-09T03:25:48.788Z] Functions emulator received unknown request at path /
[debug] [2021-04-09T03:35:10.002Z] Functions emulator received unknown request at path /
[debug] [2021-04-09T03:36:55.361Z] [work-queue] {"queueLength":1,"workRunningCount":0}
[debug] [2021-04-09T03:36:55.361Z] [work-queue] {"queueLength":0,"workRunningCount":1}
[debug] [2021-04-09T03:36:55.361Z] Accepted request GET /projecttracker-c0c00/us-central1/api/todos --> api
[debug] [2021-04-09T03:36:55.361Z] [worker-pool] submitWork(triggerId=api) {"metadata":{"emulator":{"name":"functions"},"message":"[worker-pool] submitWork(triggerId=api)"}}
[debug] [2021-04-09T03:36:55.361Z] [worker-api-f81f3a3a-565b-4eaa-8b19-b5b96bbc8539]: Assigning socketPath: \\?\pipe\C:\Users\gypsy\OneDrive\Documents\projectTracker\functions\20588 {"metadata":{"emulator":{"name":"functions"},"message":"[worker-api-f81f3a3a-565b-4eaa-8b19-b5b96bbc8539]: Assigning socketPath: \\\\?\\pipe\\C:\\Users\\gypsy\\OneDrive\\Documents\\projectTracker\\functions\\20588"}}
[debug] [2021-04-09T03:36:55.361Z] [worker-api-f81f3a3a-565b-4eaa-8b19-b5b96bbc8539]: BUSY {"metadata":{"emulator":{"name":"functions"},"message":"[worker-api-f81f3a3a-565b-4eaa-8b19-b5b96bbc8539]: BUSY"}}
[debug] [2021-04-09T03:36:55.362Z] [runtime-status] [20588] Trigger "api" has been found, beginning invocation! {"metadata":{"emulator":{"name":"functions"},"function":{"name":"api"},"message":"[runtime-status] [20588] Trigger \"api\" has been found, beginning invocation!"}}
[info] i  functions: Beginning execution of "api" {"metadata":{"emulator":{"name":"functions"},"function":{"name":"api"},"message":"Beginning execution of \"api\""}}
[debug] [2021-04-09T03:36:55.362Z] [runtime-status] [20588] triggerDefinition {"httpsTrigger":{},"name":"api","entryPoint":"api"} {"metadata":{"emulator":{"name":"functions"},"function":{"name":"api"},"message":"[runtime-status] [20588] triggerDefinition {\"httpsTrigger\":{},\"name\":\"api\",\"entryPoint\":\"api\"}"}}
[debug] [2021-04-09T03:36:55.363Z] [runtime-status] [20588] Running api in mode HTTPS {"metadata":{"emulator":{"name":"functions"},"function":{"name":"api"},"message":"[runtime-status] [20588] Running api in mode HTTPS"}}
[debug] [2021-04-09T03:36:55.363Z] [runtime-status] [20588] Attempting to listen to socketPath: \\?\pipe\C:\Users\gypsy\OneDrive\Documents\projectTracker\functions\20588 {"metadata":{"emulator":{"name":"functions"},"function":{"name":"api"},"message":"[runtime-status] [20588] Attempting to listen to socketPath: \\\\?\\pipe\\C:\\Users\\gypsy\\OneDrive\\Documents\\projectTracker\\functions\\20588"}}
[debug] [2021-04-09T03:36:55.363Z] [functions] Runtime ready! Sending request! {"metadata":{"emulator":{"name":"functions"},"message":"[functions] Runtime ready! Sending request!"}}
[debug] [2021-04-09T03:36:55.364Z] [functions] Got req.url=/projecttracker-c0c00/us-central1/api/todos, mapping to path=/todos {"metadata":{"emulator":{"name":"functions"},"message":"[functions] Got req.url=/projecttracker-c0c00/us-central1/api/todos, mapping to path=/todos"}}
[debug] [2021-04-09T03:36:55.366Z] [runtime-status] [20588] Ephemeral server handling GET request {"metadata":{"emulator":{"name":"functions"},"function":{"name":"api"},"message":"[runtime-status] [20588] Ephemeral server handling GET request"}}
[debug] [2021-04-09T03:36:55.368Z] [runtime-status] [20588] Ephemeral server survived. {"metadata":{"emulator":{"name":"functions"},"function":{"name":"api"},"message":"[runtime-status] [20588] Ephemeral server survived."}}
[info] i  functions: Finished "api" in ~1s {"metadata":{"emulator":{"name":"functions"},"function":{"name":"api"},"message":"Finished \"api\" in ~1s"}}
[debug] [2021-04-09T03:36:55.808Z] [worker-api-f81f3a3a-565b-4eaa-8b19-b5b96bbc8539]: IDLE {"metadata":{"emulator":{"name":"functions"},"message":"[worker-api-f81f3a3a-565b-4eaa-8b19-b5b96bbc8539]: IDLE"}}
[debug] [2021-04-09T03:36:55.808Z] [work-queue] {"queueLength":0,"workRunningCount":0}
[debug] [2021-04-09T03:56:27.633Z] [work-queue] {"queueLength":1,"workRunningCount":0}
[debug] [2021-04-09T03:56:27.634Z] [work-queue] {"queueLength":0,"workRunningCount":1}
[debug] [2021-04-09T03:56:27.634Z] Accepted request GET /projecttracker-c0c00/us-central1/api/todos --> api
[debug] [2021-04-09T03:56:27.634Z] [worker-pool] submitWork(triggerId=api) {"metadata":{"emulator":{"name":"functions"},"message":"[worker-pool] submitWork(triggerId=api)"}}
[debug] [2021-04-09T03:56:27.634Z] [worker-api-f81f3a3a-565b-4eaa-8b19-b5b96bbc8539]: Assigning socketPath: \\?\pipe\C:\Users\gypsy\OneDrive\Documents\projectTracker\functions\20588 {"metadata":{"emulator":{"name":"functions"},"message":"[worker-api-f81f3a3a-565b-4eaa-8b19-b5b96bbc8539]: Assigning socketPath: \\\\?\\pipe\\C:\\Users\\gypsy\\OneDrive\\Documents\\projectTracker\\functions\\20588"}}
[debug] [2021-04-09T03:56:27.635Z] [worker-api-f81f3a3a-565b-4eaa-8b19-b5b96bbc8539]: BUSY {"metadata":{"emulator":{"name":"functions"},"message":"[worker-api-f81f3a3a-565b-4eaa-8b19-b5b96bbc8539]: BUSY"}}
[debug] [2021-04-09T03:56:27.636Z] [runtime-status] [20588] Trigger "api" has been found, beginning invocation! {"metadata":{"emulator":{"name":"functions"},"function":{"name":"api"},"message":"[runtime-status] [20588] Trigger \"api\" has been found, beginning invocation!"}}
[info] i  functions: Beginning execution of "api" {"metadata":{"emulator":{"name":"functions"},"function":{"name":"api"},"message":"Beginning execution of \"api\""}}
[debug] [2021-04-09T03:56:27.637Z] [runtime-status] [20588] triggerDefinition {"httpsTrigger":{},"name":"api","entryPoint":"api"} {"metadata":{"emulator":{"name":"functions"},"function":{"name":"api"},"message":"[runtime-status] [20588] triggerDefinition {\"httpsTrigger\":{},\"name\":\"api\",\"entryPoint\":\"api\"}"}}
[debug] [2021-04-09T03:56:27.637Z] [runtime-status] [20588] Running api in mode HTTPS {"metadata":{"emulator":{"name":"functions"},"function":{"name":"api"},"message":"[runtime-status] [20588] Running api in mode HTTPS"}}
[debug] [2021-04-09T03:56:27.637Z] [runtime-status] [20588] Attempting to listen to socketPath: \\?\pipe\C:\Users\gypsy\OneDrive\Documents\projectTracker\functions\20588 {"metadata":{"emulator":{"name":"functions"},"function":{"name":"api"},"message":"[runtime-status] [20588] Attempting to listen to socketPath: \\\\?\\pipe\\C:\\Users\\gypsy\\OneDrive\\Documents\\projectTracker\\functions\\20588"}}
[debug] [2021-04-09T03:56:27.638Z] [functions] Runtime ready! Sending request! {"metadata":{"emulator":{"name":"functions"},"message":"[functions] Runtime ready! Sending request!"}}
[debug] [2021-04-09T03:56:27.638Z] [functions] Got req.url=/projecttracker-c0c00/us-central1/api/todos, mapping to path=/todos {"metadata":{"emulator":{"name":"functions"},"message":"[functions] Got req.url=/projecttracker-c0c00/us-central1/api/todos, mapping to path=/todos"}}
[debug] [2021-04-09T03:56:27.640Z] [runtime-status] [20588] Ephemeral server handling GET request {"metadata":{"emulator":{"name":"functions"},"function":{"name":"api"},"message":"[runtime-status] [20588] Ephemeral server handling GET request"}}
[debug] [2021-04-09T03:56:27.641Z] [runtime-status] [20588] Ephemeral server survived. {"metadata":{"emulator":{"name":"functions"},"function":{"name":"api"},"message":"[runtime-status] [20588] Ephemeral server survived."}}
[info] i  functions: Finished "api" in ~1s {"metadata":{"emulator":{"name":"functions"},"function":{"name":"api"},"message":"Finished \"api\" in ~1s"}}
[debug] [2021-04-09T03:56:27.875Z] [worker-api-f81f3a3a-565b-4eaa-8b19-b5b96bbc8539]: IDLE {"metadata":{"emulator":{"name":"functions"},"message":"[worker-api-f81f3a3a-565b-4eaa-8b19-b5b96bbc8539]: IDLE"}}
[debug] [2021-04-09T03:56:27.875Z] [work-queue] {"queueLength":0,"workRunningCount":0}
[debug] [2021-04-09T04:19:35.860Z] [worker-api-f81f3a3a-565b-4eaa-8b19-b5b96bbc8539]: exited {"metadata":{"emulator":{"name":"functions"},"message":"[worker-api-f81f3a3a-565b-4eaa-8b19-b5b96bbc8539]: exited"}}
[debug] [2021-04-09T04:19:35.860Z] [worker-api-f81f3a3a-565b-4eaa-8b19-b5b96bbc8539]: FINISHED {"metadata":{"emulator":{"name":"functions"},"message":"[worker-api-f81f3a3a-565b-4eaa-8b19-b5b96bbc8539]: FINISHED"}}
[debug] [2021-04-09T04:19:35.865Z] [worker-~diagnostic~-a2ceed92-4024-469c-b100-839bdb04af26]: exited {"metadata":{"emulator":{"name":"functions"},"message":"[worker-~diagnostic~-a2ceed92-4024-469c-b100-839bdb04af26]: exited"}}
